<?xml version="1.0" encoding="UTF-8"?>
<testng-results skipped="0" failed="1" total="2" passed="1">
  <reporter-output>
  </reporter-output>
  <suite name="inetBanking" duration-ms="72190" started-at="2019-06-25T20:42:44Z" finished-at="2019-06-25T20:43:56Z">
    <groups>
    </groups>
    <test name="BankingApp Test" duration-ms="72190" started-at="2019-06-25T20:42:44Z" finished-at="2019-06-25T20:43:56Z">
      <class name="com.inetBanking.testCases.TC_AddCustomerDDT_001">
        <test-method status="PASS" signature="setup(java.lang.String)[pri:0, instance:com.inetBanking.testCases.TC_AddCustomerDDT_001@19dfb72a]" name="setup" is-config="true" duration-ms="38662" started-at="2019-06-26T02:12:44Z" finished-at="2019-06-26T02:13:23Z">
          <params>
            <param index="0">
              <value>
                <![CDATA[chrome]]>
              </value>
            </param>
          </params>
          <reporter-output>
          </reporter-output>
        </test-method> <!-- setup -->
        <test-method status="PASS" signature="addCustomerDDT(java.lang.String, java.lang.String, java.lang.String, java.lang.String, java.lang.String, java.lang.String, java.lang.String, java.lang.String, java.lang.String, java.lang.String)[pri:0, instance:com.inetBanking.testCases.TC_AddCustomerDDT_001@19dfb72a]" name="addCustomerDDT" duration-ms="27244" started-at="2019-06-26T02:13:28Z" data-provider="CustomerData" finished-at="2019-06-26T02:13:55Z">
          <params>
            <param index="0">
              <value>
                <![CDATA[Ankithal]]>
              </value>
            </param>
            <param index="1">
              <value>
                <![CDATA[female]]>
              </value>
            </param>
            <param index="2">
              <value>
                <![CDATA[ 12-10-1998]]>
              </value>
            </param>
            <param index="3">
              <value>
                <![CDATA[Sterling]]>
              </value>
            </param>
            <param index="4">
              <value>
                <![CDATA[Bhopal]]>
              </value>
            </param>
            <param index="5">
              <value>
                <![CDATA[Bihar]]>
              </value>
            </param>
            <param index="6">
              <value>
                <![CDATA[856790]]>
              </value>
            </param>
            <param index="7">
              <value>
                <![CDATA[8974567890]]>
              </value>
            </param>
            <param index="8">
              <value>
                <![CDATA[ankital@gmail.com]]>
              </value>
            </param>
            <param index="9">
              <value>
                <![CDATA[admin@123]]>
              </value>
            </param>
          </params>
          <reporter-output>
          </reporter-output>
        </test-method> <!-- addCustomerDDT -->
        <test-method status="FAIL" signature="addCustomerDDT(java.lang.String, java.lang.String, java.lang.String, java.lang.String, java.lang.String, java.lang.String, java.lang.String, java.lang.String, java.lang.String, java.lang.String)[pri:0, instance:com.inetBanking.testCases.TC_AddCustomerDDT_001@19dfb72a]" name="addCustomerDDT" duration-ms="1" started-at="2019-06-26T02:13:55Z" data-provider="CustomerData" finished-at="2019-06-26T02:13:55Z">
          <params>
            <param index="0">
              <value>
                <![CDATA[Ajay]]>
              </value>
            </param>
            <param index="1">
              <value>
                <![CDATA[male]]>
              </value>
            </param>
            <param index="2">
              <value>
                <![CDATA[10/11/95]]>
              </value>
            </param>
            <param index="3">
              <value>
                <![CDATA[Sterling]]>
              </value>
            </param>
            <param index="4">
              <value>
                <![CDATA[Patna]]>
              </value>
            </param>
            <param index="5">
              <value>
                <![CDATA[Bengal]]>
              </value>
            </param>
            <param index="6">
              <value>
                <![CDATA[560047]]>
              </value>
            </param>
            <param index="7">
              <value>
                <![CDATA[7865423456]]>
              </value>
            </param>
            <param index="8">
              <value>
                <![CDATA[ajay@gmail.com]]>
              </value>
            </param>
            <param index="9">
              <value>
                <![CDATA[admin@123]]>
              </value>
            </param>
          </params>
          <exception class="java.lang.ArrayIndexOutOfBoundsException">
            <message>
              <![CDATA[1]]>
            </message>
            <full-stacktrace>
              <![CDATA[java.lang.ArrayIndexOutOfBoundsException: 1
	at com.inetBanking.testCases.TC_AddCustomerDDT_001.addCustomerDDT(TC_AddCustomerDDT_001.java:22)
	at sun.reflect.NativeMethodAccessorImpl.invoke0(Native Method)
	at sun.reflect.NativeMethodAccessorImpl.invoke(Unknown Source)
	at sun.reflect.DelegatingMethodAccessorImpl.invoke(Unknown Source)
	at java.lang.reflect.Method.invoke(Unknown Source)
	at org.testng.internal.MethodInvocationHelper.invokeMethod(MethodInvocationHelper.java:86)
	at org.testng.internal.Invoker.invokeMethod(Invoker.java:645)
	at org.testng.internal.Invoker.invokeTestMethod(Invoker.java:822)
	at org.testng.internal.Invoker.invokeTestMethods(Invoker.java:1130)
	at org.testng.internal.TestMethodWorker.invokeTestMethods(TestMethodWorker.java:129)
	at org.testng.internal.TestMethodWorker.run(TestMethodWorker.java:112)
	at org.testng.TestRunner.privateRun(TestRunner.java:782)
	at org.testng.TestRunner.run(TestRunner.java:632)
	at org.testng.SuiteRunner.runTest(SuiteRunner.java:366)
	at org.testng.SuiteRunner.runSequentially(SuiteRunner.java:361)
	at org.testng.SuiteRunner.privateRun(SuiteRunner.java:319)
	at org.testng.SuiteRunner.run(SuiteRunner.java:268)
	at org.testng.SuiteRunnerWorker.runSuite(SuiteRunnerWorker.java:52)
	at org.testng.SuiteRunnerWorker.run(SuiteRunnerWorker.java:86)
	at org.testng.TestNG.runSuitesSequentially(TestNG.java:1244)
	at org.testng.TestNG.runSuitesLocally(TestNG.java:1169)
	at org.testng.TestNG.run(TestNG.java:1064)
	at org.testng.remote.RemoteTestNG.run(RemoteTestNG.java:113)
	at org.testng.remote.RemoteTestNG.initAndRun(RemoteTestNG.java:206)
	at org.testng.remote.RemoteTestNG.main(RemoteTestNG.java:177)
]]>
            </full-stacktrace>
          </exception> <!-- java.lang.ArrayIndexOutOfBoundsException -->
          <reporter-output>
          </reporter-output>
        </test-method> <!-- addCustomerDDT -->
        <test-method status="PASS" signature="tearDown()[pri:0, instance:com.inetBanking.testCases.TC_AddCustomerDDT_001@19dfb72a]" name="tearDown" is-config="true" duration-ms="941" started-at="2019-06-26T02:13:55Z" finished-at="2019-06-26T02:13:56Z">
          <reporter-output>
          </reporter-output>
        </test-method> <!-- tearDown -->
      </class> <!-- com.inetBanking.testCases.TC_AddCustomerDDT_001 -->
    </test> <!-- BankingApp Test -->
  </suite> <!-- inetBanking -->
</testng-results>
